This is pdfTeX, Version 3.14159265-2.6-1.40.20 (TeX Live 2019/Debian) (preloaded format=latex 2021.12.5)  5 DEC 2021 20:47
entering extended mode
 restricted \write18 enabled.
 %&-line parsing enabled.
**refman.tex
(./refman.tex
LaTeX2e <2020-02-02> patch level 2
L3 programming layer <2020-02-14>
(/usr/share/texlive/texmf-dist/tex/latex/base/book.cls
Document Class: book 2019/12/20 v1.4l Standard LaTeX document class
(/usr/share/texlive/texmf-dist/tex/latex/base/bk10.clo
File: bk10.clo 2019/12/20 v1.4l Standard LaTeX file (size option)
)
\c@part=\count167
\c@chapter=\count168
\c@section=\count169
\c@subsection=\count170
\c@subsubsection=\count171
\c@paragraph=\count172
\c@subparagraph=\count173
\c@figure=\count174
\c@table=\count175
\abovecaptionskip=\skip47
\belowcaptionskip=\skip48
\bibindent=\dimen134
)
(/usr/share/texlive/texmf-dist/tex/latex/base/ifthen.sty
Package: ifthen 2014/09/29 v1.1c Standard LaTeX ifthen package (DPC)
)
(/usr/share/texlive/texmf-dist/tex/latex/tools/array.sty
Rollback for package 'array' requested -> date 2016-10-06.
         Best approximation is the release introduced on 2016-10-06.

(/usr/share/texlive/texmf-dist/tex/latex/tools/array-2016-10-06.sty
Package: array 2016/10/06 v2.4d Tabular extension package (FMi)
\col@sep=\dimen135
\extrarowheight=\dimen136
\NC@list=\toks14
\extratabsurround=\skip49
\backup@length=\skip50
))
(/usr/share/texlive/texmf-dist/tex/latex/base/fixltx2e.sty
Package: fixltx2e 2016/12/29 v2.1a fixes to LaTeX (obsolete)
Applying: [2015/01/01] Old fixltx2e package on input line 46.


Package fixltx2e Warning: fixltx2e is not required with releases after 2015
(fixltx2e)                All fixes are now in the LaTeX kernel.
(fixltx2e)                See the latexrelease package for details.

Already applied: [0000/00/00] Old fixltx2e package on input line 53.
) (./doxygen.sty
Package: doxygen 
 (/usr/share/texlive/texmf-dist/tex/latex/base/alltt.sty
Package: alltt 1997/06/16 v2.0g defines alltt environment
)
(/usr/share/texlive/texmf-dist/tex/latex/tools/calc.sty
Package: calc 2017/05/25 v4.3 Infix arithmetic (KKT,FJ)
\calc@Acount=\count176
\calc@Bcount=\count177
\calc@Adimen=\dimen137
\calc@Bdimen=\dimen138
\calc@Askip=\skip51
\calc@Bskip=\skip52
LaTeX Info: Redefining \setlength on input line 80.
LaTeX Info: Redefining \addtolength on input line 81.
\calc@Ccount=\count178
\calc@Cskip=\skip53
)

! LaTeX Error: File `float.sty' not found.

Type X to quit or <RETURN> to proceed,
or enter new name. (Default extension: sty)

Enter file name: 
(/usr/share/texlive/texmf-dist/tex/latex/tools/verbatim.sty
Package: verbatim 2019/11/10 v1.5r LaTeX2e package for verbatim enhancements
\every@verbatim=\toks15
\verbatim@line=\toks16
\verbatim@in@stream=\read2
)

! LaTeX Error: File `xcolor.sty' not found.

Type X to quit or <RETURN> to proceed,
or enter new name. (Default extension: sty)

Enter file name: 

! LaTeX Error: Unknown option `table' for package `xcolor'.

See the LaTeX manual or LaTeX Companion for explanation.
Type  H <return>  for immediate help.
 ...                                              
                                                  
l.12 \RequirePackage
                    {longtable_doxygen}
? 
(./longtable_doxygen.sty
Package: longtable_doxygen 2014/10/28 v4.11 Multi-page Table package (DPC) - fr
ozen version for doxygen
\LTleft=\skip54
\LTright=\skip55
\LTpre=\skip56
\LTpost=\skip57
\LTchunksize=\count179
\LTcapwidth=\dimen139
\LT@head=\box45
\LT@firsthead=\box46
\LT@foot=\box47
\LT@lastfoot=\box48
\LT@cols=\count180
\LT@rows=\count181
\c@LT@tables=\count182
\c@LT@chunks=\count183
\LT@p@ftn=\toks17
) (./tabu_doxygen.sty
Package: tabu_doxygen 2011/02/26 v2.8 - flexible LaTeX tabulars (FC), frozen ve
rsion for doxygen


! LaTeX Error: File `varwidth.sty' not found.

Type X to quit or <RETURN> to proceed,
or enter new name. (Default extension: sty)

Enter file name: 

LaTeX Warning: You have requested, on input line 69, version
               `2009/03/30' of package varwidth,
               but only version
               `'
               is available.

\c@taburow=\count184
\tabu@nbcols=\count185
\tabu@cnt=\count186
\tabu@Xcol=\count187
\tabu@alloc=\count188
\tabu@nested=\count189
\tabu@target=\dimen140
\tabu@spreadtarget=\dimen141
\tabu@naturalX=\dimen142
\tabucolX=\dimen143
\tabu@Xsum=\dimen144
\extrarowdepth=\dimen145
\abovetabulinesep=\dimen146
\belowtabulinesep=\dimen147
\tabustrutrule=\dimen148
\tabu@thebody=\toks18
\tabu@footnotes=\toks19
\tabu@box=\box49
\tabu@arstrutbox=\box50
\tabu@hleads=\box51
\tabu@vleads=\box52
\tabu@cellskip=\skip58
)

! LaTeX Error: File `fancyvrb.sty' not found.

Type X to quit or <RETURN> to proceed,
or enter new name. (Default extension: sty)

Enter file name: 
(/usr/share/texlive/texmf-dist/tex/latex/tools/tabularx.sty
Package: tabularx 2020/01/15 v2.11c `tabularx' package (DPC)
\TX@col@width=\dimen149
\TX@old@table=\dimen150
\TX@old@col=\dimen151
\TX@target=\dimen152
\TX@delta=\dimen153
\TX@cols=\count190
\TX@ftn=\toks20
)
(/usr/share/texlive/texmf-dist/tex/latex/tools/multicol.sty
Package: multicol 2019/12/09 v1.8y multicolumn formatting (FMi)
\c@tracingmulticols=\count191
\mult@box=\box53
\multicol@leftmargin=\dimen154
\c@unbalance=\count192
\c@collectmore=\count193
\doublecol@number=\count194
\multicoltolerance=\count195
\multicolpretolerance=\count196
\full@width=\dimen155
\page@free=\dimen156
\premulticols=\dimen157
\postmulticols=\dimen158
\multicolsep=\skip59
\multicolbaselineskip=\skip60
\partial@page=\box54
\last@line=\box55
\maxbalancingoverflow=\dimen159
\mult@rightbox=\box56
\mult@grightbox=\box57
\mult@gfirstbox=\box58
\mult@firstbox=\box59
\@tempa=\box60
\@tempa=\box61
\@tempa=\box62
\@tempa=\box63
\@tempa=\box64
\@tempa=\box65
\@tempa=\box66
\@tempa=\box67
\@tempa=\box68
\@tempa=\box69
\@tempa=\box70
\@tempa=\box71
\@tempa=\box72
\@tempa=\box73
\@tempa=\box74
\@tempa=\box75
\@tempa=\box76
\@tempa=\box77
\@tempa=\box78
\@tempa=\box79
\@tempa=\box80
\@tempa=\box81
\@tempa=\box82
\@tempa=\box83
\@tempa=\box84
\@tempa=\box85
\@tempa=\box86
\@tempa=\box87
\@tempa=\box88
\@tempa=\box89
\@tempa=\box90
\@tempa=\box91
\@tempa=\box92
\@tempa=\box93
\@tempa=\box94
\@tempa=\box95
\@tempa=\box96
\c@minrows=\count197
\c@columnbadness=\count198
\c@finalcolumnbadness=\count199
\last@try=\dimen160
\multicolovershoot=\dimen161
\multicolundershoot=\dimen162
\mult@nat@firstbox=\box97
\colbreak@box=\box98
\mc@col@check@num=\count266
)

! LaTeX Error: File `multirow.sty' not found.

Type X to quit or <RETURN> to proceed,
or enter new name. (Default extension: sty)

Enter file name: 

! LaTeX Error: File `hanging.sty' not found.

Type X to quit or <RETURN> to proceed,
or enter new name. (Default extension: sty)

Enter file name: 
(/usr/share/texlive/texmf-dist/tex/generic/iftex/ifpdf.sty
Package: ifpdf 2019/10/25 v3.4 ifpdf legacy package. Use iftex instead.

(/usr/share/texlive/texmf-dist/tex/generic/iftex/iftex.sty
Package: iftex 2019/11/07 v1.0c TeX engine tests
))

! LaTeX Error: File `adjustbox.sty' not found.

Type X to quit or <RETURN> to proceed,
or enter new name. (Default extension: sty)

Enter file name: 
(/usr/share/texlive/texmf-dist/tex/latex/amsfonts/amssymb.sty
Package: amssymb 2013/01/14 v3.01 AMS font symbols

(/usr/share/texlive/texmf-dist/tex/latex/amsfonts/amsfonts.sty
Package: amsfonts 2013/01/14 v3.01 Basic AMSFonts support
\@emptytoks=\toks21
\symAMSa=\mathgroup4
\symAMSb=\mathgroup5
LaTeX Font Info:    Redeclaring math symbol \hbar on input line 98.
LaTeX Font Info:    Overwriting math alphabet `\mathfrak' in version `bold'
(Font)                  U/euf/m/n --> U/euf/b/n on input line 106.
))

! LaTeX Error: File `stackengine.sty' not found.

Type X to quit or <RETURN> to proceed,
or enter new name. (Default extension: sty)

Enter file name: 

! LaTeX Error: File `enumitem.sty' not found.

Type X to quit or <RETURN> to proceed,
or enter new name. (Default extension: sty)

Enter file name: 

! LaTeX Error: File `alphalph.sty' not found.

Type X to quit or <RETURN> to proceed,
or enter new name. (Default extension: sty)

Enter file name: 

! LaTeX Error: File `ulem.sty' not found.

Type X to quit or <RETURN> to proceed,
or enter new name. (Default extension: sty)

Enter file name: 

! LaTeX Error: Unknown option `normalem' for package `ulem'.

See the LaTeX manual or LaTeX Companion for explanation.
Type  H <return>  for immediate help.
 ...                                              
                                                  
l.26 \RequirePackage
                    {enumitem}
? 
\xrefbox=\box99
\xreflength=\skip61
\CodeWidthChar=\skip62
\CodeHeightChar=\skip63
\DoxyCodeWidth=\skip64
! Undefined control sequence.
l.169 \setlistdepth
                   {12}
? 

! LaTeX Error: Missing \begin{document}.

See the LaTeX manual or LaTeX Companion for explanation.
Type  H <return>  for immediate help.
 ...                                              
                                                  
l.169 \setlistdepth{1
                     2}
? 
! Undefined control sequence.
l.170 \newlist
              {DoxyEnumerate}{enumerate}{12}
? 
! Undefined control sequence.
l.171 \setlist
              [DoxyEnumerate,1]{label=\arabic*.}
? 
! Missing number, treated as zero.
<to be read again> 
                   \c@* 
l.171 \setlist[DoxyEnumerate,1]{label=\arabic*
                                              .}
? 
! Undefined control sequence.
l.172 \setlist
              [DoxyEnumerate,2]{label=(\enumalphalphcnt*)}
? 
! Undefined control sequence.
l.172 ...[DoxyEnumerate,2]{label=(\enumalphalphcnt
                                                  *)}
? 
! Undefined control sequence.
l.173 \setlist
              [DoxyEnumerate,3]{label=\roman*.}
? 
! Missing number, treated as zero.
<to be read again> 
                   \c@* 
l.173 \setlist[DoxyEnumerate,3]{label=\roman*
                                             .}
? 
! Undefined control sequence.
l.174 \setlist
              [DoxyEnumerate,4]{label=\enumAlphAlphcnt*.}
? 
! Undefined control sequence.
l.174 ...t[DoxyEnumerate,4]{label=\enumAlphAlphcnt
                                                  *.}
? 
! Undefined control sequence.
l.175 \setlist
              [DoxyEnumerate,5]{label=\arabic*.}
? 
! Missing number, treated as zero.
<to be read again> 
                   \c@* 
l.175 \setlist[DoxyEnumerate,5]{label=\arabic*
                                              .}
? 
! Undefined control sequence.
l.176 \setlist
              [DoxyEnumerate,6]{label=(\enumalphalphcnt*)}
? 
! Undefined control sequence.
l.176 ...[DoxyEnumerate,6]{label=(\enumalphalphcnt
                                                  *)}
? 
! Undefined control sequence.
l.177 \setlist
              [DoxyEnumerate,7]{label=\roman*.}
? 
! Missing number, treated as zero.
<to be read again> 
                   \c@* 
l.177 \setlist[DoxyEnumerate,7]{label=\roman*
                                             .}
? 
! Undefined control sequence.
l.178 \setlist
              [DoxyEnumerate,8]{label=\enumAlphAlphcnt*.}
? 
! Undefined control sequence.
l.178 ...t[DoxyEnumerate,8]{label=\enumAlphAlphcnt
                                                  *.}
? 
! Undefined control sequence.
l.179 \setlist
              [DoxyEnumerate,9]{label=\arabic*.}
? 
! Missing number, treated as zero.
<to be read again> 
                   \c@* 
l.179 \setlist[DoxyEnumerate,9]{label=\arabic*
                                              .}
? 
! Undefined control sequence.
l.180 \setlist
              [DoxyEnumerate,10]{label=(\enumalphalphcnt*)}
? 
! Undefined control sequence.
l.180 ...DoxyEnumerate,10]{label=(\enumalphalphcnt
                                                  *)}
? 
! Undefined control sequence.
l.181 \setlist
              [DoxyEnumerate,11]{label=\roman*.}
? 
! Missing number, treated as zero.
<to be read again> 
                   \c@* 
l.181 \setlist[DoxyEnumerate,11]{label=\roman*
                                              .}
? 
! Undefined control sequence.
l.182 \setlist
              [DoxyEnumerate,12]{label=\enumAlphAlphcnt*.}
? 
! Undefined control sequence.
l.182 ...[DoxyEnumerate,12]{label=\enumAlphAlphcnt
                                                  *.}
? 

Overfull \hbox (12.92682pt too wide) in paragraph at lines 169--183
\OT1/cmr/m/n/10 ate,2]label=(*) [DoxyEnu-mer-ate,3]label=. [DoxyEnu-mer-ate,4]l
abel=*. [DoxyEnu-
 []


Overfull \hbox (29.62129pt too wide) in paragraph at lines 169--183
\OT1/cmr/m/n/10 mer-ate,5]label=0. [DoxyEnu-mer-ate,6]label=(*) [DoxyEnu-mer-at
e,7]label=. [DoxyEnu-
 []

! Undefined control sequence.
l.185 \setlistdepth
                   {12}
? 

! LaTeX Error: Missing \begin{document}.

See the LaTeX manual or LaTeX Companion for explanation.
Type  H <return>  for immediate help.
 ...                                              
                                                  
l.185 \setlistdepth{1
                     2}
? 
! Undefined control sequence.
l.186 \newlist
              {DoxyItemize}{itemize}{12}
? 
! Undefined control sequence.
l.187 \setlist
              [DoxyItemize]{label=\textperiodcentered}
? 
! Undefined control sequence.
l.189 \setlist
              [DoxyItemize,1]{label=\textbullet}
? 

! LaTeX Error: Missing \begin{document}.

See the LaTeX manual or LaTeX Companion for explanation.
Type  H <return>  for immediate help.
 ...                                              
                                                  
l.189 \setlist[
               DoxyItemize,1]{label=\textbullet}
? 
! Undefined control sequence.
l.190 \setlist
              [DoxyItemize,2]{label=\normalfont\bfseries \textendash}
? 
! Undefined control sequence.
l.191 \setlist
              [DoxyItemize,3]{label=\textasteriskcentered}
? 
! Undefined control sequence.
l.192 \setlist
              [DoxyItemize,4]{label=\textperiodcentered}
? 

Overfull \hbox (32.1361pt too wide) in paragraph at lines 189--193
[]\OT1/cmr/m/n/10 [DoxyItemize,1]label=\TS1/cmr/m/n/10 ˆ \OT1/cmr/m/n/10 [DoxyI
tem-ize,2]label=\OT1/cmr/bx/n/10 { \OT1/cmr/m/n/10 [DoxyItem-ize,3]label=\TS1/c
mr/m/n/10 * \OT1/cmr/m/n/10 [DoxyItem-
 []

! Undefined control sequence.
l.544 \definecolor
                  {comment}{rgb}{0.5,0.0,0.0}
? 

! LaTeX Error: Missing \begin{document}.

See the LaTeX manual or LaTeX Companion for explanation.
Type  H <return>  for immediate help.
 ...                                              
                                                  
l.544 \definecolor{c
                    omment}{rgb}{0.5,0.0,0.0}
? 
! Undefined control sequence.
l.545 \definecolor
                  {keyword}{rgb}{0.0,0.5,0.0}
? 
! Undefined control sequence.
l.546 \definecolor
                  {keywordtype}{rgb}{0.38,0.25,0.125}
? 
! Undefined control sequence.
l.547 \definecolor
                  {keywordflow}{rgb}{0.88,0.5,0.0}
? 
! Undefined control sequence.
l.548 \definecolor
                  {preprocessor}{rgb}{0.5,0.38,0.125}
? 
! Undefined control sequence.
l.549 \definecolor
                  {stringliteral}{rgb}{0.0,0.125,0.25}
? 
! Undefined control sequence.
l.550 \definecolor
                  {charliteral}{rgb}{0.0,0.5,0.5}
? 
! Undefined control sequence.
l.551 \definecolor
                  {vhdldigit}{rgb}{1.0,0.0,1.0}
? 
! Undefined control sequence.
l.552 \definecolor
                  {vhdlkeyword}{rgb}{0.43,0.0,0.43}
? 
! Undefined control sequence.
l.553 \definecolor
                  {vhdllogic}{rgb}{1.0,0.0,0.0}
? 
! Undefined control sequence.
l.554 \definecolor
                  {vhdlchar}{rgb}{0.0,0.0,0.0}
? 

Overfull \hbox (0.69528pt too wide) in paragraph at lines 544--555
[]\OT1/cmr/m/n/10 commentrgb0.5,0.0,0.0 key-wor-drgb0.0,0.5,0.0 key-word-type-r
gb0.38,0.25,0.125
 []


Overfull \hbox (28.19534pt too wide) in paragraph at lines 544--555
\OT1/cmr/m/n/10 key-word-flowrgb0.88,0.5,0.0 pre-pro-ces-sor-rgb0.5,0.38,0.125 
stringlit-er-al-rgb0.0,0.125,0.25
 []


Overfull \hbox (7.94537pt too wide) in paragraph at lines 544--555
\OT1/cmr/m/n/10 char-lit-er-al-rgb0.0,0.5,0.5 vhdldig-itrgb1.0,0.0,1.0 vhdlkey-
wor-drgb0.43,0.0,0.43 vhdl-
 []

! Undefined control sequence.
l.600 \AddEnumerateCounter
                          {\enumalphalphcnt}{\@enumalphalphcnt}{aa}
? 
! Argument of \enumalphalphcnt has an extra }.
<inserted text> 
                \par 
l.600 \AddEnumerateCounter{\enumalphalphcnt}
                                            {\@enumalphalphcnt}{aa}
? 
Runaway argument?
! Paragraph ended before \enumalphalphcnt was complete.
<to be read again> 
                   \par 
l.600 \AddEnumerateCounter{\enumalphalphcnt}
                                            {\@enumalphalphcnt}{aa}
? 
! You can't use `\spacefactor' in vertical mode.
\@->\spacefactor 
                 \@m {}
l.600 \AddEnumerateCounter{\enumalphalphcnt}{\@
                                               enumalphalphcnt}{aa}
? 
! Missing $ inserted.
<inserted text> 
                $
l.600 \AddEnumerateCounter{\enumalphalphcnt}{\@
                                               enumalphalphcnt}{aa}
? 

! LaTeX Error: Missing \begin{document}.

See the LaTeX manual or LaTeX Companion for explanation.
Type  H <return>  for immediate help.
 ...                                              
                                                  
l.600 \AddEnumerateCounter{\enumalphalphcnt}{\@
                                               enumalphalphcnt}{aa}
? 
LaTeX Font Info:    Trying to load font information for U+msa on input line 600
.
(/usr/share/texlive/texmf-dist/tex/latex/amsfonts/umsa.fd
File: umsa.fd 2013/01/14 v3.01 AMS symbols A
)
LaTeX Font Info:    Trying to load font information for U+msb on input line 600
.

(/usr/share/texlive/texmf-dist/tex/latex/amsfonts/umsb.fd
File: umsb.fd 2013/01/14 v3.01 AMS symbols B
)
! Extra }, or forgotten $.
l.600 ...nter{\enumalphalphcnt}{\@enumalphalphcnt}
                                                  {aa}
? 
! Undefined control sequence.
l.601 \AddEnumerateCounter
                          {\enumAlphAlphcnt}{\@enumAlphAlphcnt}{AA}
? 
! Argument of \enumAlphAlphcnt has an extra }.
<inserted text> 
                \par 
l.601 \AddEnumerateCounter{\enumAlphAlphcnt}
                                            {\@enumAlphAlphcnt}{AA}
? 
Runaway argument?
! Paragraph ended before \enumAlphAlphcnt was complete.
<to be read again> 
                   \par 
l.601 \AddEnumerateCounter{\enumAlphAlphcnt}
                                            {\@enumAlphAlphcnt}{AA}
? 
! Missing $ inserted.
<inserted text> 
                $
l.601 \AddEnumerateCounter{\enumAlphAlphcnt}
                                            {\@enumAlphAlphcnt}{AA}
? 
! Missing } inserted.
<inserted text> 
                }
l.601 \AddEnumerateCounter{\enumAlphAlphcnt}
                                            {\@enumAlphAlphcnt}{AA}
? 
Missing character: There is no è in font cmex10!
! You can't use `\spacefactor' in vertical mode.
\@->\spacefactor 
                 \@m {}
l.601 \AddEnumerateCounter{\enumAlphAlphcnt}{\@
                                               enumAlphAlphcnt}{AA}
? 
! Missing $ inserted.
<inserted text> 
                $
l.601 \AddEnumerateCounter{\enumAlphAlphcnt}{\@
                                               enumAlphAlphcnt}{AA}
? 

! LaTeX Error: Missing \begin{document}.

See the LaTeX manual or LaTeX Companion for explanation.
Type  H <return>  for immediate help.
 ...                                              
                                                  
l.601 \AddEnumerateCounter{\enumAlphAlphcnt}{\@
                                               enumAlphAlphcnt}{AA}
? 
! Extra }, or forgotten $.
l.601 ...nter{\enumAlphAlphcnt}{\@enumAlphAlphcnt}
                                                  {AA}
? 
) (/usr/share/texlive/texmf-dist/tex/latex/graphics/graphicx.sty
Package: graphicx 2019/11/30 v1.2a Enhanced LaTeX Graphics (DPC,SPQR)

(/usr/share/texlive/texmf-dist/tex/latex/graphics/keyval.sty
Package: keyval 2014/10/28 v1.15 key=value parser (DPC)
\KV@toks@=\toks22
)
(/usr/share/texlive/texmf-dist/tex/latex/graphics/graphics.sty
! Missing $ inserted.
<inserted text> 
                $
l.27 
     
? 
Missing character: There is no è in font cmex10!
Package: graphics 2019/11/30 v1.4a Standard LaTeX Graphics (DPC,SPQR)
! You can't use `\spacefactor' in vertical mode.
\@->\spacefactor 
                 \@m {}
l.40 \@
       makeother\"%
? 
! Missing $ inserted.
<inserted text> 
                $
l.40 \@
       makeother\"%
? 

! LaTeX Error: Missing \begin{document}.

See the LaTeX manual or LaTeX Companion for explanation.
Type  H <return>  for immediate help.
 ...                                              
                                                  
l.40 \@
       makeother\"%
? 

LaTeX Warning: Command \" invalid in math mode on input line 40.

! Missing number, treated as zero.
<to be read again> 
                   \global 
l.41 \catcode
             `\*=11
? 
! Missing number, treated as zero.
<to be read again> 
                   \global 
l.41 \catcode
             `\*=11
? 
! Please use \mathaccent for accents in math mode.
\add@accent ... \let \ignorespaces \relax \accent 
                                                  #1 #2\egroup \spacefactor ...
l.41 \catcode
             `\*=11
? 
! Missing { inserted.
<to be read again> 
                   \catcode 
l.41 \catcode
             `\*=11
? 
! Missing number, treated as zero.
<to be read again> 
                   \egroup 
l.41 \catcode
             `\*=11
? 
! Missing number, treated as zero.
<to be read again> 
                   \egroup 
l.41 \catcode
             `\*=11
? 
! You can't use `\spacefactor' in math mode.
\add@accent ... \accent #1 #2\egroup \spacefactor 
                                                  \accent@spacefactor 
l.41 \catcode
             `\*=11
? 
! You can't use `\spacefactor' in math mode.
\@->\spacefactor 
                 \@m {}
l.42 \@
       makeother\!%
? 
! You can't use `\spacefactor' in math mode.
\@->\spacefactor 
                 \@m {}
l.43 \@
       makeother\:%
? 
(/usr/share/texlive/texmf-dist/tex/latex/graphics/trig.sty
Package: trig 2016/01/03 v1.10 sin cos tan (DPC)
)
! You can't use `\spacefactor' in math mode.
\@->\spacefactor 
                 \@m {}
l.45 \providecommand\Grot@start{\@
                                  latex@error{Rotation not supported}\@ehc
? 
! You can't use `\spacefactor' in math mode.
\@->\spacefactor 
                 \@m {}
l.45 ...rt{\@latex@error{Rotation not supported}\@
                                                  ehc
? 
! You can't use `\spacefactor' in math mode.
\@->\spacefactor 
                 \@m {}
l.48 \providecommand\Gscale@start{\@
                                    latex@error{Scaling not supported}\@ehc
? 
! You can't use `\spacefactor' in math mode.
\@->\spacefactor 
                 \@m {}
l.48 ...art{\@latex@error{Scaling not supported}\@
                                                  ehc
? 
! Use of \Gin doesn't match its definition.
l.62 \newif\ifGin@setpagesize\Gin@s
                                   etpagesizetrue
? 
(/usr/share/texlive/texmf-dist/tex/latex/graphics-cfg/graphics.cfg
! Missing $ inserted.
<inserted text> 
                $
l.2 
    
? 
! Missing } inserted.
<inserted text> 
                }
l.2 
    
? 
Missing character: There is no è in font cmex10!
Missing character: There is no è in font cmex10!
Missing character: There is no è in font cmex10!
Missing character: There is no è in font cmex10!
Missing character: There is no è in font cmex10!
Missing character: There is no è in font cmex10!
Missing character: There is no è in font cmex10!
Missing character: There is no è in font cmex10!

Overfull \hbox (471.70992pt too wide) in paragraph at lines 40--2
[]$[]\OML/cmm/m/it/10 makeother[]$ 
 []

File: graphics.cfg 2016/06/04 v1.11 sample graphics configuration
! Undefined control sequence.
l.27     \ifnum\luatexversion
                             >85
? 
! Missing number, treated as zero.
<to be read again> 
                   >
l.27     \ifnum\luatexversion>
                              85
? 
)
Package graphics Info: Driver file: dvips.def on input line 105.

! You can't use `\spacefactor' in vertical mode.
\@->\spacefactor 
                 \@m {}
l.106   \@
          ifundefined{ver@\Gin@driver}{\input{\Gin@driver}}{}
? 
! Missing $ inserted.
<inserted text> 
                $
l.106   \@
          ifundefined{ver@\Gin@driver}{\input{\Gin@driver}}{}
? 

! LaTeX Error: Missing \begin{document}.

See the LaTeX manual or LaTeX Companion for explanation.
Type  H <return>  for immediate help.
 ...                                              
                                                  
l.106   \@
          ifundefined{ver@\Gin@driver}{\input{\Gin@driver}}{}
? 
(/usr/share/texlive/texmf-dist/tex/latex/graphics-def/dvips.def
File: dvips.def 2017/06/20 v3.1d Graphics/color driver for dvips

! You can't use `\spacefactor' in math mode.
\@->\spacefactor 
                 \@m {}
l.145 \@
        ifundefined{ifGin@setpagesize}
? 
! Undefined control sequence.
l.149 \ifGin
            @setpagesize
? 
! You can't use `\spacefactor' in math mode.
\@->\spacefactor 
                 \@m {}
l.173 \@
        namedef{Gin@rule@.ps}#1{{eps}{.ps}{#1}}
? 
! You can't use `macro parameter character #' in math mode.
l.173 \@namedef{Gin@rule@.ps}#
                              1{{eps}{.ps}{#1}}
? 
! You can't use `macro parameter character #' in math mode.
l.173 \@namedef{Gin@rule@.ps}#1{{eps}{.ps}{#
                                            1}}
? 
! You can't use `\spacefactor' in math mode.
\@->\spacefactor 
                 \@m {}
l.174 \@
        namedef{Gin@rule@.eps}#1{{eps}{.eps}{#1}}
? 
! You can't use `macro parameter character #' in math mode.
l.174 \@namedef{Gin@rule@.eps}#
                               1{{eps}{.eps}{#1}}
? 
! You can't use `macro parameter character #' in math mode.
l.174 \@namedef{Gin@rule@.eps}#1{{eps}{.eps}{#
                                              1}}
? 
! You can't use `\spacefactor' in math mode.
\@->\spacefactor 
                 \@m {}
l.175 \@
        namedef{Gin@rule@.mps}#1{{eps}{.mps}{#1}}
? 
! You can't use `macro parameter character #' in math mode.
l.175 \@namedef{Gin@rule@.mps}#
                               1{{eps}{.mps}{#1}}
? 
! You can't use `macro parameter character #' in math mode.
l.175 \@namedef{Gin@rule@.mps}#1{{eps}{.mps}{#
                                              1}}
? 
! You can't use `\spacefactor' in math mode.
\@->\spacefactor 
                 \@m {}
l.176 \@
        namedef{Gin@rule@.pz}#1{{eps}{.bb}{#1}}
? 
! You can't use `macro parameter character #' in math mode.
l.176 \@namedef{Gin@rule@.pz}#
                              1{{eps}{.bb}{#1}}
? 
! You can't use `macro parameter character #' in math mode.
l.176 \@namedef{Gin@rule@.pz}#1{{eps}{.bb}{#
                                            1}}
? 
! You can't use `\spacefactor' in math mode.
\@->\spacefactor 
                 \@m {}
l.177 \@
        namedef{Gin@rule@.eps.Z}#1{{eps}{.eps.bb}{#1}}
? 
! You can't use `macro parameter character #' in math mode.
l.177 \@namedef{Gin@rule@.eps.Z}#
                                 1{{eps}{.eps.bb}{#1}}
? 
! You can't use `macro parameter character #' in math mode.
l.177 ...medef{Gin@rule@.eps.Z}#1{{eps}{.eps.bb}{#
                                                  1}}
? 
! You can't use `\spacefactor' in math mode.
\@->\spacefactor 
                 \@m {}
l.178 \@
        namedef{Gin@rule@.ps.Z}#1{{eps}{.ps.bb}{#1}}
? 
! You can't use `macro parameter character #' in math mode.
l.178 \@namedef{Gin@rule@.ps.Z}#
                                1{{eps}{.ps.bb}{#1}}
? 
! You can't use `macro parameter character #' in math mode.
l.178 \@namedef{Gin@rule@.ps.Z}#1{{eps}{.ps.bb}{#
                                                 1}}
? 
! You can't use `\spacefactor' in math mode.
\@->\spacefactor 
                 \@m {}
l.179 \@
        namedef{Gin@rule@.ps.gz}#1{{eps}{.ps.bb}{#1}}
? 
! You can't use `macro parameter character #' in math mode.
l.179 \@namedef{Gin@rule@.ps.gz}#
                                 1{{eps}{.ps.bb}{#1}}
? 
! You can't use `macro parameter character #' in math mode.
l.179 \@namedef{Gin@rule@.ps.gz}#1{{eps}{.ps.bb}{#
                                                  1}}
? 
! You can't use `\spacefactor' in math mode.
\@->\spacefactor 
                 \@m {}
l.180 \@
        namedef{Gin@rule@.eps.gz}#1{{eps}{.eps.bb}{#1}}
? 
! You can't use `macro parameter character #' in math mode.
l.180 \@namedef{Gin@rule@.eps.gz}#
                                  1{{eps}{.eps.bb}{#1}}
? 
! You can't use `macro parameter character #' in math mode.
l.180 ...edef{Gin@rule@.eps.gz}#1{{eps}{.eps.bb}{#
                                                  1}}
? 
! You can't use `\spacefactor' in math mode.
\@->\spacefactor 
                 \@m {}
l.181 \@
        namedef{Gin@rule@*}#1{{eps}{\Gin@ext}{#1}}
? 
! You can't use `macro parameter character #' in math mode.
l.181 \@namedef{Gin@rule@*}#
                            1{{eps}{\Gin@ext}{#1}}
? 
! Use of \Gin doesn't match its definition.
l.181 \@namedef{Gin@rule@*}#1{{eps}{\Gin@ext}
                                             {#1}}
? 
! You can't use `macro parameter character #' in math mode.
l.181 \@namedef{Gin@rule@*}#1{{eps}{\Gin@ext}{#
                                               1}}
? 
! You can't use `\spacefactor' in math mode.
\@->\spacefactor 
                 \@m {}
l.182 \@
        namedef{Gin@rule@.pcx}#1{{bmp}{}{#1}}
? 
! You can't use `macro parameter character #' in math mode.
l.182 \@namedef{Gin@rule@.pcx}#
                               1{{bmp}{}{#1}}
? 
! You can't use `macro parameter character #' in math mode.
l.182 \@namedef{Gin@rule@.pcx}#1{{bmp}{}{#
                                          1}}
? 
! You can't use `\spacefactor' in math mode.
\@->\spacefactor 
                 \@m {}
l.183 \@
        namedef{Gin@rule@.bmp}#1{{bmp}{}{#1}}
? 
! You can't use `macro parameter character #' in math mode.
l.183 \@namedef{Gin@rule@.bmp}#
                               1{{bmp}{}{#1}}
? 
! You can't use `macro parameter character #' in math mode.
l.183 \@namedef{Gin@rule@.bmp}#1{{bmp}{}{#
                                          1}}
? 
! You can't use `\spacefactor' in math mode.
\@->\spacefactor 
                 \@m {}
l.184 \@
        namedef{Gin@rule@.msp}#1{{bmp}{}{#1}}
? 
! You can't use `macro parameter character #' in math mode.
l.184 \@namedef{Gin@rule@.msp}#
                               1{{bmp}{}{#1}}
? 
! You can't use `macro parameter character #' in math mode.
l.184 \@namedef{Gin@rule@.msp}#1{{bmp}{}{#
                                          1}}
? 
! You can't use `\spacefactor' in math mode.
\@->\spacefactor 
                 \@m {}
l.185 \@
        namedef{Gin@rule@.pict}#1{{pict}{}{#1}}
? 
! You can't use `macro parameter character #' in math mode.
l.185 \@namedef{Gin@rule@.pict}#
                                1{{pict}{}{#1}}
? 
! You can't use `macro parameter character #' in math mode.
l.185 \@namedef{Gin@rule@.pict}#1{{pict}{}{#
                                            1}}
? 
! You can't use `\spacefactor' in math mode.
\@->\spacefactor 
                 \@m {}
l.186 \@
        namedef{Gin@rule@.pntg}#1{{pntg}{}{#1}}
? 
! You can't use `macro parameter character #' in math mode.
l.186 \@namedef{Gin@rule@.pntg}#
                                1{{pntg}{}{#1}}
? 
! You can't use `macro parameter character #' in math mode.
l.186 \@namedef{Gin@rule@.pntg}#1{{pntg}{}{#
                                            1}}
? 
)
! Extra \fi.
l.107 \fi
         
? 
! Missing number, treated as zero.
<to be read again> 
                   \let 
l.113 \let
          \Gin@nat@height\leftmarginvi
? 
! Illegal unit of measure (pt inserted).
<to be read again> 
                   \let 
l.113 \let
          \Gin@nat@height\leftmarginvi
? 
! Undefined control sequence.
l.250 \newif\ifGread@\Gread
                           @true
? 
! You can't use `\spacefactor' in math mode.
\@->\spacefactor 
                 \@m {}
l.300 \let\Gin@decode\@
                       empty
? 
! You can't use `\spacefactor' in math mode.
\@->\spacefactor 
                 \@m {}
l.302 \let\Gin@page\@
                     empty
? 
! Missing { inserted.
<to be read again> 
                   \let 
l.306 \let
          \Gin@req@sizes\relax
? 
)
Runaway text?
\let \Gin @req@sizes\relax \def \Gin @scalex{1}\let \Gin @scaley\Gin \ETC.
! File ended while scanning text of \write.
<inserted text> 
                }
l.30 \define@key
                {Gin}{bb}
? 
! Incomplete \iffalse; all text was ignored after line 30.
<inserted text> 
                \fi 
l.30 \define@key
                {Gin}{bb}
? 
! Incomplete \iffalse; all text was ignored after line 30.
<inserted text> 
                \fi 
l.30 \define@key
                {Gin}{bb}
? 
! Incomplete \iffalse; all text was ignored after line 30.
<inserted text> 
                \fi 
l.30 \define@key
                {Gin}{bb}
? 
! Incomplete \iffalse; all text was ignored after line 30.
<inserted text> 
                \fi 
l.30 \define@key
                {Gin}{bb}
? 
! Incomplete \iffalse; all text was ignored after line 30.
<inserted text> 
                \fi 
l.30 \define@key
                {Gin}{bb}
? 
! Incomplete \iffalse; all text was ignored after line 30.
<inserted text> 
                \fi 
l.30 \define@key
                {Gin}{bb}
? 
! Incomplete \iffalse; all text was ignored after line 30.
<inserted text> 
                \fi 
l.30 \define@key
                {Gin}{bb}
? 
Runaway text?
\let \Gin @req@sizes\relax \def \Gin @scalex{1}\let \Gin @scaley\Gin \ETC.
! Forbidden control sequence found while scanning text of \write.
<inserted text> 
                }
l.30 \define@key
                {Gin}{bb}
? 
\let \Gin @req@sizes\relax \def \Gin @scalex{1}\let \Gin @scaley\Gin @exclamati
on \let \Gin @req@height\Gin @nat@height \let \Gin @req@width\Gin @nat@width \l
et \Gin @viewport@code\relax \def \Gin @nosize##1{\spacefactor \@m {}latex@erro
r {Cannot determine size of graphic in ##1 (no size specified)}\spacefactor \@m
 {}ehc} \count@ \escapechar \escapechar \m@ne \let  
! TeX capacity exceeded, sorry [input stack size=5000].
\graphics.sty-h@@k ->\graphics.sty-h@@k 
                                        \let \@unprocessedoptions \relax 
l.30 \define@key
                {Gin}{bb}
If you really absolutely need more capacity,
you can ask a wizard to enlarge me.

 
Here is how much of TeX's memory you used:
 2318 strings out of 483184
 29613 string characters out of 5966318
 268623 words of memory out of 5000000
 17331 multiletter control sequences out of 15000+600000
 534680 words of font info for 34 fonts, out of 8000000 for 9000
 14 hyphenation exceptions out of 8191
 5000i,5n,35p,212b,175s stack positions out of 5000i,500n,10000p,200000b,80000s
No pages of output.
